<?xml version="1.0" encoding="UTF-8"?>
<!-- Generated by org.testng.reporters.JUnitReportReporter -->
<testsuite hostname="MacBook-Pro-Semenova.local" name="ru.ZDBTest.TestNG.NewTest" tests="1" failures="0" timestamp="25 Sep 2015 13:19:57 GMT" time="0.005" errors="0">
  <testcase name="f" time="0.005" classname="ru.ZDBTest.TestNG.NewTest"/>
</testsuite> <!-- ru.ZDBTest.TestNG.NewTest -->
