<?xml version="1.0" encoding="UTF-8"?>
<!-- Generated by org.testng.reporters.JUnitReportReporter -->
<testsuite hostname="MacBook-Pro-Semenova.local" name="ru.ZDBTest.TestNG.StartAppiumTest" tests="1" failures="0" timestamp="25 Sep 2015 12:48:08 GMT" time="0.001" errors="0">
  <testcase name="f" time="0.001" classname="ru.ZDBTest.TestNG.StartAppiumTest"/>
</testsuite> <!-- ru.ZDBTest.TestNG.StartAppiumTest -->
