<?xml version="1.0" encoding="UTF-8"?>
<!-- Generated by org.testng.reporters.JUnitReportReporter -->
<testsuite hostname="MacBook-Pro-Semenova.local" name="ru.ZDBTest.TestNG.HelloWorldTest" tests="1" failures="0" timestamp="25 Sep 2015 12:07:31 GMT" time="0.017" errors="0">
  <testcase name="f" time="0.017" classname="ru.ZDBTest.TestNG.HelloWorldTest"/>
</testsuite> <!-- ru.ZDBTest.TestNG.HelloWorldTest -->
